<?xml version="1.0" encoding="UTF-8"?>
<testsuite xmlns:xsi="http://www.w3.org/2001/XMLSchema-instance" xsi:noNamespaceSchemaLocation="https://maven.apache.org/surefire/maven-surefire-plugin/xsd/surefire-test-report.xsd" name="sk.streetofcode.courseplatformbackend.integration.AuthorIntegrationTests" time="11.481" tests="7" errors="0" skipped="0" failures="0">
  <properties>
[...]
</properties>
  <testcase name="get authors" classname="sk.streetofcode.courseplatformbackend.integration.AuthorIntegrationTests" time="0.709"/>
  <testcase name="get author slugs" classname="sk.streetofcode.courseplatformbackend.integration.AuthorIntegrationTests" time="0.108"/>
  <testcase name="add author" classname="sk.streetofcode.courseplatformbackend.integration.AuthorIntegrationTests" time="0.382"/>
  <testcase name="edit author" classname="sk.streetofcode.courseplatformbackend.integration.AuthorIntegrationTests" time="0.387"/>
  <testcase name="delete author" classname="sk.streetofcode.courseplatformbackend.integration.AuthorIntegrationTests" time="0.263"/>
  <testcase name="get author overview" classname="sk.streetofcode.courseplatformbackend.integration.AuthorIntegrationTests" time="0.233"/>
  <testcase name="fail get author overview, not found" classname="sk.streetofcode.courseplatformbackend.integration.AuthorIntegrationTests" time="0.106"/>
</testsuite>