<?xml version="1.0" encoding="UTF-8"?>
<testsuite xmlns:xsi="http://www.w3.org/2001/XMLSchema-instance" xsi:noNamespaceSchemaLocation="https://maven.apache.org/surefire/maven-surefire-plugin/xsd/surefire-test-report.xsd" name="sk.streetofcode.courseplatformbackend.integration.VoteIntegrationTests" time="2.141" tests="3" errors="0" skipped="0" failures="2">
  <properties>
[...]
</properties>
  <testcase name="get next course options - not authenticated - OK" classname="sk.streetofcode.courseplatformbackend.integration.VoteIntegrationTests" time="0.023">
    <failure message="expected:&lt;7&gt; but was:&lt;14&gt;" type="org.opentest4j.AssertionFailedError"><![CDATA[org.opentest4j.AssertionFailedError: expected:<7> but was:<14>
]]></failure>
    <system-out><![CDATA[2022-08-07 14:52:58.102  INFO 23872 --- [ @coroutine#173] .b.t.c.SpringBootTestContextBootstrapper : Neither @ContextConfiguration nor @ContextHierarchy found for test class [sk.streetofcode.courseplatformbackend.integration.VoteIntegrationTests], using SpringBootContextLoader
2022-08-07 14:52:58.103  INFO 23872 --- [ @coroutine#173] o.s.t.c.support.AbstractContextLoader    : Could not detect default resource locations for test class [sk.streetofcode.courseplatformbackend.integration.VoteIntegrationTests]: no resource found for suffixes {-context.xml, Context.groovy}.
2022-08-07 14:52:58.104  INFO 23872 --- [ @coroutine#173] .b.t.c.SpringBootTestContextBootstrapper : Found @SpringBootConfiguration sk.streetofcode.courseplatformbackend.CoursePlatformBackendApplication for test class sk.streetofcode.courseplatformbackend.integration.VoteIntegrationTests
2022-08-07 14:52:58.105  INFO 23872 --- [ @coroutine#173] .b.t.c.SpringBootTestContextBootstrapper : Loaded default TestExecutionListener class names from location [META-INF/spring.factories]: [org.springframework.boot.test.mock.mockito.MockitoTestExecutionListener, org.springframework.boot.test.mock.mockito.ResetMocksTestExecutionListener, org.springframework.boot.test.autoconfigure.restdocs.RestDocsTestExecutionListener, org.springframework.boot.test.autoconfigure.web.client.MockRestServiceServerResetTestExecutionListener, org.springframework.boot.test.autoconfigure.web.servlet.MockMvcPrintOnlyOnFailureTestExecutionListener, org.springframework.boot.test.autoconfigure.web.servlet.WebDriverTestExecutionListener, org.springframework.boot.test.autoconfigure.webservices.client.MockWebServiceServerTestExecutionListener, org.springframework.test.context.web.ServletTestExecutionListener, org.springframework.test.context.support.DirtiesContextBeforeModesTestExecutionListener, org.springframework.test.context.support.DependencyInjectionTestExecutionListener, org.springframework.test.context.support.DirtiesContextTestExecutionListener, org.springframework.test.context.transaction.TransactionalTestExecutionListener, org.springframework.test.context.jdbc.SqlScriptsTestExecutionListener, org.springframework.test.context.event.EventPublishingTestExecutionListener]
2022-08-07 14:52:58.105  INFO 23872 --- [ @coroutine#173] .b.t.c.SpringBootTestContextBootstrapper : Using TestExecutionListeners: [org.springframework.test.context.web.ServletTestExecutionListener@54e76f3, org.springframework.test.context.support.DirtiesContextBeforeModesTestExecutionListener@3353c20e, org.springframework.boot.test.mock.mockito.MockitoTestExecutionListener@bc129c5, org.springframework.boot.test.autoconfigure.SpringBootDependencyInjectionTestExecutionListener@46186b11, org.springframework.test.context.support.DirtiesContextTestExecutionListener@301774cf, org.springframework.test.context.transaction.TransactionalTestExecutionListener@1d799371, org.springframework.test.context.jdbc.SqlScriptsTestExecutionListener@1f740e1a, org.springframework.test.context.event.EventPublishingTestExecutionListener@1ab1ae06, org.springframework.boot.test.mock.mockito.ResetMocksTestExecutionListener@110b0093, org.springframework.boot.test.autoconfigure.restdocs.RestDocsTestExecutionListener@40b8ebd8, org.springframework.boot.test.autoconfigure.web.client.MockRestServiceServerResetTestExecutionListener@7f03290b, org.springframework.boot.test.autoconfigure.web.servlet.MockMvcPrintOnlyOnFailureTestExecutionListener@68d57973, org.springframework.boot.test.autoconfigure.web.servlet.WebDriverTestExecutionListener@2113e362, org.springframework.boot.test.autoconfigure.webservices.client.MockWebServiceServerTestExecutionListener@26f23ab3]

  .   ____          _            __ _ _
 /\\ / ___'_ __ _ _(_)_ __  __ _ \ \ \ \
( ( )\___ | '_ | '_| | '_ \/ _` | \ \ \ \
 \\/  ___)| |_)| | | | | || (_| |  ) ) ) )
  '  |____| .__|_| |_|_| |_\__, | / / / /
 =========|_|==============|___/=/_/_/_/
 :: Spring Boot ::                (v2.4.0)

2022-08-07 14:52:58.117  INFO 23872 --- [ @coroutine#173] s.s.c.integration.VoteIntegrationTests   : Starting VoteIntegrationTests using Java 11 on DESKTOP-PE0TPSK with PID 23872 (C:\Users\delo\Documents\Street of Code\Projects\course-platform\course-platform-backend\target\test-classes started by delo in C:\Users\delo\Documents\Street of Code\Projects\course-platform\course-platform-backend)
2022-08-07 14:52:58.117  INFO 23872 --- [ @coroutine#173] s.s.c.integration.VoteIntegrationTests   : The following profiles are active: test
2022-08-07 14:52:58.427  INFO 23872 --- [ @coroutine#173] .s.d.r.c.RepositoryConfigurationDelegate : Bootstrapping Spring Data JPA repositories in DEFERRED mode.
2022-08-07 14:52:58.497  INFO 23872 --- [ @coroutine#173] .s.d.r.c.RepositoryConfigurationDelegate : Finished Spring Data repository scanning in 70 ms. Found 16 JPA repository interfaces.
2022-08-07 14:52:58.547  INFO 23872 --- [ @coroutine#173] trationDelegate$BeanPostProcessorChecker : Bean 'org.springframework.security.access.expression.method.DefaultMethodSecurityExpressionHandler@2f30d569' of type [org.springframework.security.oauth2.provider.expression.OAuth2MethodSecurityExpressionHandler] is not eligible for getting processed by all BeanPostProcessors (for example: not eligible for auto-proxying)
2022-08-07 14:52:58.553  INFO 23872 --- [ @coroutine#173] trationDelegate$BeanPostProcessorChecker : Bean 'methodSecurityMetadataSource' of type [org.springframework.security.access.method.DelegatingMethodSecurityMetadataSource] is not eligible for getting processed by all BeanPostProcessors (for example: not eligible for auto-proxying)
2022-08-07 14:52:58.596  INFO 23872 --- [ @coroutine#173] o.s.b.w.embedded.tomcat.TomcatWebServer  : Tomcat initialized with port(s): 0 (http)
2022-08-07 14:52:58.596  INFO 23872 --- [ @coroutine#173] o.apache.catalina.core.StandardService   : Starting service [Tomcat]
2022-08-07 14:52:58.596  INFO 23872 --- [ @coroutine#173] org.apache.catalina.core.StandardEngine  : Starting Servlet engine: [Apache Tomcat/9.0.39]
2022-08-07 14:52:58.617  INFO 23872 --- [ @coroutine#173] o.a.c.c.C.[Tomcat].[localhost].[/]       : Initializing Spring embedded WebApplicationContext
2022-08-07 14:52:58.617  INFO 23872 --- [ @coroutine#173] w.s.c.ServletWebServerApplicationContext : Root WebApplicationContext: initialization completed in 499 ms
2022-08-07 14:52:58.684  INFO 23872 --- [ @coroutine#173] com.zaxxer.hikari.HikariDataSource       : HikariPool-14 - Starting...
2022-08-07 14:52:58.685  INFO 23872 --- [ @coroutine#173] com.zaxxer.hikari.HikariDataSource       : HikariPool-14 - Start completed.
2022-08-07 14:52:58.685  INFO 23872 --- [ @coroutine#173] o.s.b.a.h2.H2ConsoleAutoConfiguration    : H2 console available at '/h2-console'. Database available at 'jdbc:h2:mem:testdb'
2022-08-07 14:52:58.746  INFO 23872 --- [ @coroutine#173] o.s.s.concurrent.ThreadPoolTaskExecutor  : Initializing ExecutorService 'applicationTaskExecutor'
2022-08-07 14:52:58.780  INFO 23872 --- [         task-1] o.hibernate.jpa.internal.util.LogHelper  : HHH000204: Processing PersistenceUnitInfo [name: default]
2022-08-07 14:52:58.786  INFO 23872 --- [         task-1] org.hibernate.dialect.Dialect            : HHH000400: Using dialect: org.hibernate.dialect.H2Dialect
2022-08-07 14:52:58.799  WARN 23872 --- [ @coroutine#173] JpaBaseConfiguration$JpaWebConfiguration : spring.jpa.open-in-view is enabled by default. Therefore, database queries may be performed during view rendering. Explicitly configure spring.jpa.open-in-view to disable this warning
2022-08-07 14:52:58.827  INFO 23872 --- [         task-1] o.h.e.t.j.p.i.JtaPlatformInitiator       : HHH000490: Using JtaPlatform implementation: [org.hibernate.engine.transaction.jta.platform.internal.NoJtaPlatform]
2022-08-07 14:52:58.828  INFO 23872 --- [         task-1] j.LocalContainerEntityManagerFactoryBean : Initialized JPA EntityManagerFactory for persistence unit 'default'
2022-08-07 14:52:59.317  INFO 23872 --- [ @coroutine#173] o.s.s.web.DefaultSecurityFilterChain     : Will secure any request with [org.springframework.security.web.context.request.async.WebAsyncManagerIntegrationFilter@29a0ffe1, org.springframework.security.web.context.SecurityContextPersistenceFilter@658712fa, org.springframework.security.web.header.HeaderWriterFilter@43e6f29, org.springframework.security.web.authentication.logout.LogoutFilter@5de8b240, org.springframework.security.web.authentication.www.BasicAuthenticationFilter@5b7960e1, org.springframework.security.web.savedrequest.RequestCacheAwareFilter@ce15ed2, org.springframework.security.web.servletapi.SecurityContextHolderAwareRequestFilter@7bd12f40, org.springframework.security.web.authentication.AnonymousAuthenticationFilter@2addc39, org.springframework.security.web.session.SessionManagementFilter@67b38789, org.springframework.security.web.access.ExceptionTranslationFilter@623167c7]
2022-08-07 14:52:59.347  INFO 23872 --- [ @coroutine#173] o.s.b.w.embedded.tomcat.TomcatWebServer  : Tomcat started on port(s): 57277 (http) with context path ''
2022-08-07 14:52:59.466  INFO 23872 --- [ @coroutine#173] DeferredRepositoryInitializationListener : Triggering deferred initialization of Spring Data repositories…
2022-08-07 14:52:59.567  INFO 23872 --- [ @coroutine#173] DeferredRepositoryInitializationListener : Spring Data repositories initialized!
2022-08-07 14:52:59.569  INFO 23872 --- [ @coroutine#173] s.s.c.integration.VoteIntegrationTests   : Started VoteIntegrationTests in 1.462 seconds (JVM running for 57.285)
2022-08-07 14:52:59.571  INFO 23872 --- [ @coroutine#173] o.f.c.internal.license.VersionPrinter    : Flyway Community Edition 8.0.0 by Redgate
2022-08-07 14:52:59.571  INFO 23872 --- [ @coroutine#173] o.f.c.i.database.base.BaseDatabaseType   : Database: jdbc:h2:mem:testdb (H2 1.4)
2022-08-07 14:52:59.574  INFO 23872 --- [ @coroutine#173] o.f.core.internal.command.DbValidate     : Successfully validated 2 migrations (execution time 00:00.002s)
2022-08-07 14:52:59.576  INFO 23872 --- [ @coroutine#173] o.f.c.i.s.JdbcTableSchemaHistory         : Creating Schema History table "PUBLIC"."flyway_schema_history" with baseline ...
2022-08-07 14:52:59.578  INFO 23872 --- [ @coroutine#173] o.f.core.internal.command.DbBaseline     : Successfully baselined schema with version: 1
2022-08-07 14:52:59.579  INFO 23872 --- [ @coroutine#173] o.f.core.internal.command.DbMigrate      : Current version of schema "PUBLIC": 1
2022-08-07 14:52:59.581  INFO 23872 --- [ @coroutine#173] o.f.core.internal.command.DbMigrate      : Migrating schema "PUBLIC" to version "2 - vote inserts"
2022-08-07 14:52:59.585  INFO 23872 --- [ @coroutine#173] o.f.core.internal.command.DbMigrate      : Successfully applied 1 migration to schema "PUBLIC", now at version v2 (execution time 00:00.007s)
2022-08-07 14:52:59.602  INFO 23872 --- [-auto-14-exec-1] o.a.c.c.C.[Tomcat].[localhost].[/]       : Initializing Spring DispatcherServlet 'dispatcherServlet'
2022-08-07 14:52:59.602  INFO 23872 --- [-auto-14-exec-1] o.s.web.servlet.DispatcherServlet        : Initializing Servlet 'dispatcherServlet'
2022-08-07 14:52:59.603  INFO 23872 --- [-auto-14-exec-1] o.s.web.servlet.DispatcherServlet        : Completed initialization in 1 ms
]]></system-out>
  </testcase>
  <testcase name="get next course options - authenticated - OK" classname="sk.streetofcode.courseplatformbackend.integration.VoteIntegrationTests" time="0.147">
    <failure message="expected:&lt;7&gt; but was:&lt;14&gt;" type="org.opentest4j.AssertionFailedError"><![CDATA[org.opentest4j.AssertionFailedError: expected:<7> but was:<14>
]]></failure>
  </testcase>
  <testcase name="vote next course scenario" classname="sk.streetofcode.courseplatformbackend.integration.VoteIntegrationTests" time="0.236"/>
</testsuite>